<?xml version="1.0" encoding="UTF-8"?>
<!-- Generated by org.testng.reporters.JUnitXMLReporter -->
<testsuite ignored="2" hostname="LAPTOP-EMDLV1KE" failures="0" tests="1" name="Command line test" time="3.371" errors="0" timestamp="2023-03-07T19:38:36 EST">
  <testcase classname="com.pav.testcases.LoginTest" name="loginTest" time="3.248"/>
  <testcase classname="com.pav.base.TestBase" name="@AfterSuite tearDown" time="0.0">
    <ignored/>
  </testcase> <!-- @AfterSuite tearDown -->
  <testcase classname="com.pav.base.TestBase" name="@BeforeSuite setUp" time="0.0">
    <ignored/>
  </testcase> <!-- @BeforeSuite setUp -->
</testsuite> <!-- Command line test -->
