<?xml version="1.0" encoding="UTF-8"?>
<testng-results ignored="2" total="3" passed="1" failed="0" skipped="0">
  <reporter-output>
  </reporter-output>
  <suite started-at="2023-03-07T19:38:32 EST" name="Command line suite" finished-at="2023-03-07T19:38:36 EST" duration-ms="3371">
    <groups>
    </groups>
    <test started-at="2023-03-07T19:38:32 EST" name="Command line test" finished-at="2023-03-07T19:38:36 EST" duration-ms="3371">
      <class name="com.pav.base.TestBase">
        <test-method is-config="true" signature="setUp()[pri:0, instance:com.pav.base.TestBase@5906ebcb]" started-at="2023-03-07T19:38:18 EST" name="setUp" finished-at="2023-03-07T19:38:32 EST" duration-ms="14516" status="PASS">
          <reporter-output>
          </reporter-output>
        </test-method> <!-- setUp -->
        <test-method is-config="true" signature="tearDown()[pri:0, instance:com.pav.base.TestBase@5906ebcb]" started-at="2023-03-07T19:38:36 EST" name="tearDown" finished-at="2023-03-07T19:38:36 EST" duration-ms="397" status="PASS">
          <reporter-output>
          </reporter-output>
        </test-method> <!-- tearDown -->
      </class> <!-- com.pav.base.TestBase -->
      <class name="com.pav.testcases.LoginTest">
        <test-method signature="loginTest()[pri:0, instance:com.pav.testcases.LoginTest@13acb0d1]" started-at="2023-03-07T19:38:32 EST" name="loginTest" finished-at="2023-03-07T19:38:36 EST" duration-ms="3248" status="PASS">
          <reporter-output>
          </reporter-output>
        </test-method> <!-- loginTest -->
      </class> <!-- com.pav.testcases.LoginTest -->
    </test> <!-- Command line test -->
  </suite> <!-- Command line suite -->
</testng-results>
