<?xml version="1.0" encoding="UTF-8"?>
<testng-results ignored="0" total="0" passed="0" failed="0" skipped="0">
  <reporter-output>
  </reporter-output>
  <suite started-at="2023-03-12T17:33:55 EDT" name="Suite" finished-at="2023-03-12T17:33:55 EDT" duration-ms="42">
    <groups>
    </groups>
    <test started-at="2023-03-12T17:33:55 EDT" name="Test" finished-at="2023-03-12T17:33:55 EDT" duration-ms="42">
      <class name="com.pav.base.TestBase">
        <test-method is-config="true" signature="setUp()[pri:0, instance:com.pav.base.TestBase@62150f9e]" started-at="2023-03-12T17:33:51 EDT" name="setUp" finished-at="2023-03-12T17:33:55 EDT" duration-ms="3411" status="PASS">
          <reporter-output>
          </reporter-output>
        </test-method> <!-- setUp -->
        <test-method is-config="true" signature="tearDown()[pri:0, instance:com.pav.base.TestBase@62150f9e]" started-at="2023-03-12T17:33:55 EDT" name="tearDown" finished-at="2023-03-12T17:33:55 EDT" duration-ms="263" status="PASS">
          <reporter-output>
          </reporter-output>
        </test-method> <!-- tearDown -->
      </class> <!-- com.pav.base.TestBase -->
    </test> <!-- Test -->
  </suite> <!-- Suite -->
</testng-results>
